Time loading reference: 00:00:00
Time loading forward index: 00:00:00
Time loading mirror index: 00:00:00
Multiseed full-index search: 00:00:03
20000 reads; of these:
  20000 (100.00%) were paired; of these:
    7990 (39.95%) aligned concordantly 0 times
    10694 (53.47%) aligned concordantly exactly 1 time
    1316 (6.58%) aligned concordantly >1 times
    ----
    7990 pairs aligned concordantly 0 times; of these:
      747 (9.35%) aligned discordantly 1 time
    ----
    7243 pairs aligned 0 times concordantly or discordantly; of these:
      14486 mates make up the pairs; of these:
        10486 (72.39%) aligned 0 times
        3552 (24.52%) aligned exactly 1 time
        448 (3.09%) aligned >1 times
73.78% overall alignment rate
Time searching: 00:00:03
Overall time: 00:00:03
