Time loading reference: 00:00:00
Time loading forward index: 00:00:00
Time loading mirror index: 00:00:00
Multiseed full-index search: 00:00:03
20000 reads; of these:
  20000 (100.00%) were paired; of these:
    7557 (37.78%) aligned concordantly 0 times
    11156 (55.78%) aligned concordantly exactly 1 time
    1287 (6.43%) aligned concordantly >1 times
    ----
    7557 pairs aligned concordantly 0 times; of these:
      729 (9.65%) aligned discordantly 1 time
    ----
    6828 pairs aligned 0 times concordantly or discordantly; of these:
      13656 mates make up the pairs; of these:
        9878 (72.33%) aligned 0 times
        3406 (24.94%) aligned exactly 1 time
        372 (2.72%) aligned >1 times
75.31% overall alignment rate
Time searching: 00:00:03
Overall time: 00:00:03
