Time loading reference: 00:00:00
Time loading forward index: 00:00:00
Time loading mirror index: 00:00:00
Multiseed full-index search: 00:00:03
20000 reads; of these:
  20000 (100.00%) were paired; of these:
    8910 (44.55%) aligned concordantly 0 times
    10028 (50.14%) aligned concordantly exactly 1 time
    1062 (5.31%) aligned concordantly >1 times
    ----
    8910 pairs aligned concordantly 0 times; of these:
      777 (8.72%) aligned discordantly 1 time
    ----
    8133 pairs aligned 0 times concordantly or discordantly; of these:
      16266 mates make up the pairs; of these:
        11544 (70.97%) aligned 0 times
        4244 (26.09%) aligned exactly 1 time
        478 (2.94%) aligned >1 times
71.14% overall alignment rate
Time searching: 00:00:03
Overall time: 00:00:03
