Time loading reference: 00:00:00
Time loading forward index: 00:00:00
Time loading mirror index: 00:00:00
Multiseed full-index search: 00:00:02
20000 reads; of these:
  20000 (100.00%) were paired; of these:
    13157 (65.78%) aligned concordantly 0 times
    5477 (27.39%) aligned concordantly exactly 1 time
    1366 (6.83%) aligned concordantly >1 times
    ----
    13157 pairs aligned concordantly 0 times; of these:
      302 (2.30%) aligned discordantly 1 time
    ----
    12855 pairs aligned 0 times concordantly or discordantly; of these:
      25710 mates make up the pairs; of these:
        22997 (89.45%) aligned 0 times
        1949 (7.58%) aligned exactly 1 time
        764 (2.97%) aligned >1 times
42.51% overall alignment rate
Time searching: 00:00:02
Overall time: 00:00:02
