Time loading reference: 00:00:00
Time loading forward index: 00:00:00
Time loading mirror index: 00:00:00
Multiseed full-index search: 00:00:03
20000 reads; of these:
  20000 (100.00%) were paired; of these:
    6718 (33.59%) aligned concordantly 0 times
    10829 (54.15%) aligned concordantly exactly 1 time
    2453 (12.27%) aligned concordantly >1 times
    ----
    6718 pairs aligned concordantly 0 times; of these:
      470 (7.00%) aligned discordantly 1 time
    ----
    6248 pairs aligned 0 times concordantly or discordantly; of these:
      12496 mates make up the pairs; of these:
        8586 (68.71%) aligned 0 times
        3458 (27.67%) aligned exactly 1 time
        452 (3.62%) aligned >1 times
78.53% overall alignment rate
Time searching: 00:00:03
Overall time: 00:00:03
