Time loading reference: 00:00:00
Time loading forward index: 00:00:00
Time loading mirror index: 00:00:00
Multiseed full-index search: 00:00:03
20000 reads; of these:
  20000 (100.00%) were paired; of these:
    8004 (40.02%) aligned concordantly 0 times
    9940 (49.70%) aligned concordantly exactly 1 time
    2056 (10.28%) aligned concordantly >1 times
    ----
    8004 pairs aligned concordantly 0 times; of these:
      450 (5.62%) aligned discordantly 1 time
    ----
    7554 pairs aligned 0 times concordantly or discordantly; of these:
      15108 mates make up the pairs; of these:
        11707 (77.49%) aligned 0 times
        3076 (20.36%) aligned exactly 1 time
        325 (2.15%) aligned >1 times
70.73% overall alignment rate
Time searching: 00:00:03
Overall time: 00:00:03
